<?xml version="1.0" encoding="UTF-8"?>
<testsuite xmlns:xsi="http://www.w3.org/2001/XMLSchema-instance" xsi:noNamespaceSchemaLocation="https://maven.apache.org/surefire/maven-surefire-plugin/xsd/surefire-test-report-3.0.xsd" version="3.0" name="conduitApp.ConduitTest" time="2.229" tests="1" errors="1" skipped="0" failures="0">
  <properties>
[...]
</properties>
  <testcase name="testAll" classname="conduitApp.ConduitTest" time="2.214">
    <error message="examples column count mismatch at line: 67&#10;&#10;            | #(randomEmail)            | Test@123 |                    | {&quot;errors&quot;:{&quot;username&quot;:[&quot;can&apos;t be blank&quot;]}}           | //invalid email format&#10;&#10;rows:[&#10;            | email                     | password | username           | errorResponse                                        | , &#10;            | monikageller@yopmail.com  | Test@123 | #(randomUsername)  | {&quot;errors&quot;:{&quot;email&quot;:[&quot;has already been taken&quot;]}}      | , &#10;            | #(randomEmail)            | Test@123 | corrinne.kuhic1    | {&quot;errors&quot;:{&quot;username&quot;:[&quot;has already been taken&quot;]}}   | , &#10;            |                           | Test@123 | #(randomUsername)  | {&quot;errors&quot;:{&quot;email&quot;:[&quot;can&apos;t be blank&quot;]}}              | , &#10;            | #(randomEmail)            |          | #(randomUsername)  | {&quot;errors&quot;:{&quot;password&quot;:[&quot;can&apos;t be blank&quot;]}}           | , &#10;            | #(randomEmail)            | Test@123 |                    | {&quot;errors&quot;:{&quot;username&quot;:[&quot;can&apos;t be blank&quot;]}}           | //invalid email format]" type="java.lang.RuntimeException"><![CDATA[java.lang.RuntimeException: 
examples column count mismatch at line: 67

            | #(randomEmail)            | Test@123 |                    | {"errors":{"username":["can't be blank"]}}           | //invalid email format

rows:[
            | email                     | password | username           | errorResponse                                        | , 
            | monikageller@yopmail.com  | Test@123 | #(randomUsername)  | {"errors":{"email":["has already been taken"]}}      | , 
            | #(randomEmail)            | Test@123 | corrinne.kuhic1    | {"errors":{"username":["has already been taken"]}}   | , 
            |                           | Test@123 | #(randomUsername)  | {"errors":{"email":["can't be blank"]}}              | , 
            | #(randomEmail)            |          | #(randomUsername)  | {"errors":{"password":["can't be blank"]}}           | , 
            | #(randomEmail)            | Test@123 |                    | {"errors":{"username":["can't be blank"]}}           | //invalid email format]
	at com.intuit.karate.core.FeatureParser.toTable(FeatureParser.java:121)
	at com.intuit.karate.core.FeatureParser.enterScenarioOutline(FeatureParser.java:283)
	at com.intuit.karate.core.KarateParser$ScenarioOutlineContext.enterRule(KarateParser.java:660)
	at org.antlr.v4.runtime.tree.ParseTreeWalker.enterRule(ParseTreeWalker.java:50)
	at org.antlr.v4.runtime.tree.ParseTreeWalker.walk(ParseTreeWalker.java:33)
	at org.antlr.v4.runtime.tree.ParseTreeWalker.walk(ParseTreeWalker.java:36)
	at com.intuit.karate.core.FeatureParser.<init>(FeatureParser.java:66)
	at com.intuit.karate.core.FeatureParser.parse(FeatureParser.java:70)
	at com.intuit.karate.core.Feature.read(Feature.java:63)
	at com.intuit.karate.resource.ResourceUtils.findFeatureFiles(ResourceUtils.java:95)
	at com.intuit.karate.Runner$Builder.resolveAll(Runner.java:248)
	at com.intuit.karate.Suite.<init>(Suite.java:177)
	at com.intuit.karate.junit5.Karate.iterator(Karate.java:60)
	at java.base/java.lang.Iterable.spliterator(Iterable.java:101)
	at org.junit.platform.commons.util.CollectionUtils.toStream(CollectionUtils.java:182)
	at org.junit.jupiter.engine.descriptor.TestFactoryTestDescriptor.toDynamicNodeStream(TestFactoryTestDescriptor.java:125)
	at org.junit.jupiter.engine.descriptor.TestFactoryTestDescriptor.lambda$invokeTestMethod$1(TestFactoryTestDescriptor.java:101)
	at org.junit.platform.engine.support.hierarchical.ThrowableCollector.execute(ThrowableCollector.java:73)
	at org.junit.jupiter.engine.descriptor.TestFactoryTestDescriptor.invokeTestMethod(TestFactoryTestDescriptor.java:95)
	at org.junit.jupiter.engine.descriptor.TestMethodTestDescriptor.execute(TestMethodTestDescriptor.java:138)
	at org.junit.jupiter.engine.descriptor.TestMethodTestDescriptor.execute(TestMethodTestDescriptor.java:68)
	at org.junit.platform.engine.support.hierarchical.NodeTestTask.lambda$executeRecursively$6(NodeTestTask.java:151)
	at org.junit.platform.engine.support.hierarchical.ThrowableCollector.execute(ThrowableCollector.java:73)
	at org.junit.platform.engine.support.hierarchical.NodeTestTask.lambda$executeRecursively$8(NodeTestTask.java:141)
	at org.junit.platform.engine.support.hierarchical.Node.around(Node.java:137)
	at org.junit.platform.engine.support.hierarchical.NodeTestTask.lambda$executeRecursively$9(NodeTestTask.java:139)
	at org.junit.platform.engine.support.hierarchical.ThrowableCollector.execute(ThrowableCollector.java:73)
	at org.junit.platform.engine.support.hierarchical.NodeTestTask.executeRecursively(NodeTestTask.java:138)
	at org.junit.platform.engine.support.hierarchical.NodeTestTask.execute(NodeTestTask.java:95)
	at java.base/java.util.ArrayList.forEach(ArrayList.java:1541)
	at org.junit.platform.engine.support.hierarchical.SameThreadHierarchicalTestExecutorService.invokeAll(SameThreadHierarchicalTestExecutorService.java:41)
	at org.junit.platform.engine.support.hierarchical.NodeTestTask.lambda$executeRecursively$6(NodeTestTask.java:155)
	at org.junit.platform.engine.support.hierarchical.ThrowableCollector.execute(ThrowableCollector.java:73)
	at org.junit.platform.engine.support.hierarchical.NodeTestTask.lambda$executeRecursively$8(NodeTestTask.java:141)
	at org.junit.platform.engine.support.hierarchical.Node.around(Node.java:137)
	at org.junit.platform.engine.support.hierarchical.NodeTestTask.lambda$executeRecursively$9(NodeTestTask.java:139)
	at org.junit.platform.engine.support.hierarchical.ThrowableCollector.execute(ThrowableCollector.java:73)
	at org.junit.platform.engine.support.hierarchical.NodeTestTask.executeRecursively(NodeTestTask.java:138)
	at org.junit.platform.engine.support.hierarchical.NodeTestTask.execute(NodeTestTask.java:95)
	at java.base/java.util.ArrayList.forEach(ArrayList.java:1541)
	at org.junit.platform.engine.support.hierarchical.SameThreadHierarchicalTestExecutorService.invokeAll(SameThreadHierarchicalTestExecutorService.java:41)
	at org.junit.platform.engine.support.hierarchical.NodeTestTask.lambda$executeRecursively$6(NodeTestTask.java:155)
	at org.junit.platform.engine.support.hierarchical.ThrowableCollector.execute(ThrowableCollector.java:73)
	at org.junit.platform.engine.support.hierarchical.NodeTestTask.lambda$executeRecursively$8(NodeTestTask.java:141)
	at org.junit.platform.engine.support.hierarchical.Node.around(Node.java:137)
	at org.junit.platform.engine.support.hierarchical.NodeTestTask.lambda$executeRecursively$9(NodeTestTask.java:139)
	at org.junit.platform.engine.support.hierarchical.ThrowableCollector.execute(ThrowableCollector.java:73)
	at org.junit.platform.engine.support.hierarchical.NodeTestTask.executeRecursively(NodeTestTask.java:138)
	at org.junit.platform.engine.support.hierarchical.NodeTestTask.execute(NodeTestTask.java:95)
	at org.junit.platform.engine.support.hierarchical.SameThreadHierarchicalTestExecutorService.submit(SameThreadHierarchicalTestExecutorService.java:35)
	at org.junit.platform.engine.support.hierarchical.HierarchicalTestExecutor.execute(HierarchicalTestExecutor.java:57)
	at org.junit.platform.engine.support.hierarchical.HierarchicalTestEngine.execute(HierarchicalTestEngine.java:54)
	at org.junit.platform.launcher.core.EngineExecutionOrchestrator.execute(EngineExecutionOrchestrator.java:147)
	at org.junit.platform.launcher.core.EngineExecutionOrchestrator.execute(EngineExecutionOrchestrator.java:127)
	at org.junit.platform.launcher.core.EngineExecutionOrchestrator.execute(EngineExecutionOrchestrator.java:90)
	at org.junit.platform.launcher.core.EngineExecutionOrchestrator.lambda$execute$0(EngineExecutionOrchestrator.java:55)
	at org.junit.platform.launcher.core.EngineExecutionOrchestrator.withInterceptedStreams(EngineExecutionOrchestrator.java:102)
	at org.junit.platform.launcher.core.EngineExecutionOrchestrator.execute(EngineExecutionOrchestrator.java:54)
	at org.junit.platform.launcher.core.DefaultLauncher.execute(DefaultLauncher.java:114)
	at org.junit.platform.launcher.core.DefaultLauncher.execute(DefaultLauncher.java:86)
	at org.junit.platform.launcher.core.DefaultLauncherSession$DelegatingLauncher.execute(DefaultLauncherSession.java:86)
	at org.apache.maven.surefire.junitplatform.LazyLauncher.execute(LazyLauncher.java:50)
	at org.apache.maven.surefire.junitplatform.JUnitPlatformProvider.execute(JUnitPlatformProvider.java:184)
	at org.apache.maven.surefire.junitplatform.JUnitPlatformProvider.invokeAllTests(JUnitPlatformProvider.java:148)
	at org.apache.maven.surefire.junitplatform.JUnitPlatformProvider.invoke(JUnitPlatformProvider.java:122)
	at org.apache.maven.surefire.booter.ForkedBooter.runSuitesInProcess(ForkedBooter.java:385)
	at org.apache.maven.surefire.booter.ForkedBooter.execute(ForkedBooter.java:162)
	at org.apache.maven.surefire.booter.ForkedBooter.run(ForkedBooter.java:507)
	at org.apache.maven.surefire.booter.ForkedBooter.main(ForkedBooter.java:495)
]]></error>
    <system-out><![CDATA[00:49:16.725 [main] INFO  com.intuit.karate.Runner - using system property 'karate.options': --tags @debug
]]></system-out>
  </testcase>
</testsuite>